ADDFRM.FOR
AXMAN.FOR
BEGDSET.FOR
BGNHALO.FOR
BGNPLT.FOR
BGNQCMAP.FOR
BUFSIZ.FOR
CHNGLBL.FOR
CHNGLGND.FOR
CHNGRING.FOR
CHNGTIC.FOR
CHNGTXAX.FOR
CKRECNBR.FOR
CLRMAN.FOR
COMTPOS.FOR
CONMAN.FOR
CONMAP.FOR
CUSTCOL.FOR
DATMAN.FOR
DELGRAF.FOR
DELSCRN.FOR
DFSTNLST.FOR
DLSTNLST.FOR
DRWAX.FOR
DRWGRD.FOR
DRWLGND.FOR
DRWTXT.FOR
ESCQUIT.FOR
FLUSH.FOR
GETDSET.FOR
GETGRAF.FOR
GETGSCRN.FOR
GETHAL.FOR
GETXYTIC.FOR
GRAFDFLT.FOR
GRAFHELP.FOR
GRAFMNU.FOR
GRAFMSG.FOR
GRAFNOTE.FOR
GRAFOPTN.FOR
GRAFWIN.FOR
GRDMAN.FOR
GRFPRNT.FOR
GRFTXT.FOR
GTCONLEV.FOR
GTNWRDIR.FOR
GTOLDLST.FOR
GTRECL.FOR
GTRECNBR.FOR
GTSTNLST.FOR
HALOINIT.FOR
INITPV.FOR
INITSKT.FOR
LBLMAN.FOR
LGNDSIZE.FOR
LNATRIB.FOR
MAPMAN.FOR
MPCLR.FOR
MPLIN.FOR
NAMECAPS.FOR
NW2W.FOR
OPSTNLST.FOR
OUTMAN.FOR
PICKCOL.FOR
PICKFONT.FOR
PICKGRAF.FOR
PIKITEM.FOR
PLNMAN.FOR
PLTBKGND.FOR
PLTBOX.FOR
PLTMAN.FOR
PLTSND.FOR
PLTTITL.FOR
PLTWIND.FOR
PRNTMAN.FOR
PRNTOP.FOR
RDDCON.FOR
RDFRAME.FOR
RDGRAF.FOR
RDLOC.FOR
REWRFRM.FOR
RGB2INT.FOR
SELAREA.FOR
SETCFON.FOR
SETELEM.FOR
SETGPAL.FOR
SETTITLE.FOR
SETZOOM.FOR
SKEWFUNC.FOR
SKEWT.FOR
SKTDIM2.FOR
SQUEZDAT.FOR
TIMESER.FOR
TXTCOLR.FOR
TXTFONT.FOR
TXTLOC.FOR
TXTSIZ.FOR
VIEWMAN.FOR
VWSTNLST.FOR
WINDROSE.FOR
WNDOBOX.FOR
WNDSMRY.FOR
WNRMAN.FOR
WRSTNLST.FOR
WRTFRAME.FOR
WRTGRAF.FOR
WRTGSCRN.FOR
