
Microsoft (R) Library Manager  Version 3.15
Copyright (C) Microsoft Corp 1983-1989.  All rights reserved.


LIB : warning U4155: ADDFRM.OBJ : module not in library

Microsoft (R) Library Manager  Version 3.15
Copyright (C) Microsoft Corp 1983-1989.  All rights reserved.


LIB : warning U4155: AXMAN.OBJ : module not in library

Microsoft (R) Library Manager  Version 3.15
Copyright (C) Microsoft Corp 1983-1989.  All rights reserved.


LIB : warning U4155: BEGDSET.OBJ : module not in library

Microsoft (R) Library Manager  Version 3.15
Copyright (C) Microsoft Corp 1983-1989.  All rights reserved.


LIB : warning U4155: BGNHALO.OBJ : module not in library

Microsoft (R) Library Manager  Version 3.15
Copyright (C) Microsoft Corp 1983-1989.  All rights reserved.


LIB : warning U4155: BGNPLT.OBJ : module not in library

Microsoft (R) Library Manager  Version 3.15
Copyright (C) Microsoft Corp 1983-1989.  All rights reserved.


LIB : warning U4155: BGNQCMAP.OBJ : module not in library

Microsoft (R) Library Manager  Version 3.15
Copyright (C) Microsoft Corp 1983-1989.  All rights reserved.


LIB : warning U4155: BUFSIZ.OBJ : module not in library

Microsoft (R) Library Manager  Version 3.15
Copyright (C) Microsoft Corp 1983-1989.  All rights reserved.


LIB : warning U4155: CHNGLBL.OBJ : module not in library

Microsoft (R) Library Manager  Version 3.15
Copyright (C) Microsoft Corp 1983-1989.  All rights reserved.


LIB : warning U4155: CHNGLGND.OBJ : module not in library

Microsoft (R) Library Manager  Version 3.15
Copyright (C) Microsoft Corp 1983-1989.  All rights reserved.


LIB : warning U4155: CHNGRING.OBJ : module not in library

Microsoft (R) Library Manager  Version 3.15
Copyright (C) Microsoft Corp 1983-1989.  All rights reserved.


LIB : warning U4155: CHNGTIC.OBJ : module not in library

Microsoft (R) Library Manager  Version 3.15
Copyright (C) Microsoft Corp 1983-1989.  All rights reserved.


LIB : warning U4155: CHNGTXAX.OBJ : module not in library

Microsoft (R) Library Manager  Version 3.15
Copyright (C) Microsoft Corp 1983-1989.  All rights reserved.


LIB : warning U4155: CKRECNBR.OBJ : module not in library

Microsoft (R) Library Manager  Version 3.15
Copyright (C) Microsoft Corp 1983-1989.  All rights reserved.


LIB : warning U4155: CLRMAN.OBJ : module not in library

Microsoft (R) Library Manager  Version 3.15
Copyright (C) Microsoft Corp 1983-1989.  All rights reserved.


LIB : warning U4155: COMTPOS.OBJ : module not in library

Microsoft (R) Library Manager  Version 3.15
Copyright (C) Microsoft Corp 1983-1989.  All rights reserved.


LIB : warning U4155: CONMAN.OBJ : module not in library

Microsoft (R) Library Manager  Version 3.15
Copyright (C) Microsoft Corp 1983-1989.  All rights reserved.


LIB : warning U4155: CONMAP.OBJ : module not in library

Microsoft (R) Library Manager  Version 3.15
Copyright (C) Microsoft Corp 1983-1989.  All rights reserved.


LIB : warning U4155: CUSTCOL.OBJ : module not in library

Microsoft (R) Library Manager  Version 3.15
Copyright (C) Microsoft Corp 1983-1989.  All rights reserved.


LIB : warning U4155: DATMAN.OBJ : module not in library

Microsoft (R) Library Manager  Version 3.15
Copyright (C) Microsoft Corp 1983-1989.  All rights reserved.


LIB : warning U4155: DELGRAF.OBJ : module not in library

Microsoft (R) Library Manager  Version 3.15
Copyright (C) Microsoft Corp 1983-1989.  All rights reserved.


LIB : warning U4155: DELSCRN.OBJ : module not in library

Microsoft (R) Library Manager  Version 3.15
Copyright (C) Microsoft Corp 1983-1989.  All rights reserved.


LIB : warning U4155: DFSTNLST.OBJ : module not in library

Microsoft (R) Library Manager  Version 3.15
Copyright (C) Microsoft Corp 1983-1989.  All rights reserved.


LIB : warning U4155: DLSTNLST.OBJ : module not in library

Microsoft (R) Library Manager  Version 3.15
Copyright (C) Microsoft Corp 1983-1989.  All rights reserved.


LIB : warning U4155: DRWAX.OBJ : module not in library

Microsoft (R) Library Manager  Version 3.15
Copyright (C) Microsoft Corp 1983-1989.  All rights reserved.


LIB : warning U4155: DRWGRD.OBJ : module not in library

Microsoft (R) Library Manager  Version 3.15
Copyright (C) Microsoft Corp 1983-1989.  All rights reserved.


LIB : warning U4155: DRWLGND.OBJ : module not in library

Microsoft (R) Library Manager  Version 3.15
Copyright (C) Microsoft Corp 1983-1989.  All rights reserved.


LIB : warning U4155: DRWTXT.OBJ : module not in library

Microsoft (R) Library Manager  Version 3.15
Copyright (C) Microsoft Corp 1983-1989.  All rights reserved.


LIB : warning U4155: ESCQUIT.OBJ : module not in library

Microsoft (R) Library Manager  Version 3.15
Copyright (C) Microsoft Corp 1983-1989.  All rights reserved.


LIB : warning U4155: FLUSH.OBJ : module not in library

Microsoft (R) Library Manager  Version 3.15
Copyright (C) Microsoft Corp 1983-1989.  All rights reserved.


LIB : warning U4155: GETDSET.OBJ : module not in library

Microsoft (R) Library Manager  Version 3.15
Copyright (C) Microsoft Corp 1983-1989.  All rights reserved.


LIB : warning U4155: GETGRAF.OBJ : module not in library

Microsoft (R) Library Manager  Version 3.15
Copyright (C) Microsoft Corp 1983-1989.  All rights reserved.


LIB : warning U4155: GETGSCRN.OBJ : module not in library

Microsoft (R) Library Manager  Version 3.15
Copyright (C) Microsoft Corp 1983-1989.  All rights reserved.


LIB : warning U4155: GETHAL.OBJ : module not in library

Microsoft (R) Library Manager  Version 3.15
Copyright (C) Microsoft Corp 1983-1989.  All rights reserved.


LIB : warning U4155: GETXYTIC.OBJ : module not in library

Microsoft (R) Library Manager  Version 3.15
Copyright (C) Microsoft Corp 1983-1989.  All rights reserved.


LIB : warning U4155: GRAFDFLT.OBJ : module not in library

Microsoft (R) Library Manager  Version 3.15
Copyright (C) Microsoft Corp 1983-1989.  All rights reserved.


LIB : warning U4155: GRAFHELP.OBJ : module not in library

Microsoft (R) Library Manager  Version 3.15
Copyright (C) Microsoft Corp 1983-1989.  All rights reserved.


LIB : warning U4155: GRAFMNU.OBJ : module not in library

Microsoft (R) Library Manager  Version 3.15
Copyright (C) Microsoft Corp 1983-1989.  All rights reserved.


LIB : warning U4155: GRAFMSG.OBJ : module not in library

Microsoft (R) Library Manager  Version 3.15
Copyright (C) Microsoft Corp 1983-1989.  All rights reserved.


LIB : warning U4155: GRAFNOTE.OBJ : module not in library

Microsoft (R) Library Manager  Version 3.15
Copyright (C) Microsoft Corp 1983-1989.  All rights reserved.


LIB : warning U4155: GRAFOPTN.OBJ : module not in library

Microsoft (R) Library Manager  Version 3.15
Copyright (C) Microsoft Corp 1983-1989.  All rights reserved.


LIB : warning U4155: GRAFWIN.OBJ : module not in library

Microsoft (R) Library Manager  Version 3.15
Copyright (C) Microsoft Corp 1983-1989.  All rights reserved.


LIB : warning U4155: GRDMAN.OBJ : module not in library

Microsoft (R) Library Manager  Version 3.15
Copyright (C) Microsoft Corp 1983-1989.  All rights reserved.


LIB : warning U4155: GRFPRNT.OBJ : module not in library

Microsoft (R) Library Manager  Version 3.15
Copyright (C) Microsoft Corp 1983-1989.  All rights reserved.


LIB : warning U4155: GRFTXT.OBJ : module not in library

Microsoft (R) Library Manager  Version 3.15
Copyright (C) Microsoft Corp 1983-1989.  All rights reserved.


LIB : warning U4155: GTCONLEV.OBJ : module not in library

Microsoft (R) Library Manager  Version 3.15
Copyright (C) Microsoft Corp 1983-1989.  All rights reserved.


LIB : warning U4155: GTNWRDIR.OBJ : module not in library

Microsoft (R) Library Manager  Version 3.15
Copyright (C) Microsoft Corp 1983-1989.  All rights reserved.


LIB : warning U4155: GTOLDLST.OBJ : module not in library

Microsoft (R) Library Manager  Version 3.15
Copyright (C) Microsoft Corp 1983-1989.  All rights reserved.


LIB : warning U4155: GTRECL.OBJ : module not in library

Microsoft (R) Library Manager  Version 3.15
Copyright (C) Microsoft Corp 1983-1989.  All rights reserved.


LIB : warning U4155: GTRECNBR.OBJ : module not in library

Microsoft (R) Library Manager  Version 3.15
Copyright (C) Microsoft Corp 1983-1989.  All rights reserved.


LIB : warning U4155: GTSTNLST.OBJ : module not in library

Microsoft (R) Library Manager  Version 3.15
Copyright (C) Microsoft Corp 1983-1989.  All rights reserved.


LIB : warning U4155: HALOINIT.OBJ : module not in library

Microsoft (R) Library Manager  Version 3.15
Copyright (C) Microsoft Corp 1983-1989.  All rights reserved.


LIB : warning U4155: INITPV.OBJ : module not in library

Microsoft (R) Library Manager  Version 3.15
Copyright (C) Microsoft Corp 1983-1989.  All rights reserved.


LIB : warning U4155: INITSKT.OBJ : module not in library

Microsoft (R) Library Manager  Version 3.15
Copyright (C) Microsoft Corp 1983-1989.  All rights reserved.


LIB : warning U4155: LBLMAN.OBJ : module not in library

Microsoft (R) Library Manager  Version 3.15
Copyright (C) Microsoft Corp 1983-1989.  All rights reserved.


LIB : warning U4155: LGNDSIZE.OBJ : module not in library

Microsoft (R) Library Manager  Version 3.15
Copyright (C) Microsoft Corp 1983-1989.  All rights reserved.


LIB : warning U4155: LNATRIB.OBJ : module not in library

Microsoft (R) Library Manager  Version 3.15
Copyright (C) Microsoft Corp 1983-1989.  All rights reserved.


LIB : warning U4155: MAPMAN.OBJ : module not in library

Microsoft (R) Library Manager  Version 3.15
Copyright (C) Microsoft Corp 1983-1989.  All rights reserved.


LIB : warning U4155: MPCLR.OBJ : module not in library

Microsoft (R) Library Manager  Version 3.15
Copyright (C) Microsoft Corp 1983-1989.  All rights reserved.


LIB : warning U4155: MPLIN.OBJ : module not in library

Microsoft (R) Library Manager  Version 3.15
Copyright (C) Microsoft Corp 1983-1989.  All rights reserved.


LIB : warning U4155: NAMECAPS.OBJ : module not in library

Microsoft (R) Library Manager  Version 3.15
Copyright (C) Microsoft Corp 1983-1989.  All rights reserved.


LIB : warning U4155: NW2W.OBJ : module not in library

Microsoft (R) Library Manager  Version 3.15
Copyright (C) Microsoft Corp 1983-1989.  All rights reserved.


LIB : warning U4155: OPSTNLST.OBJ : module not in library

Microsoft (R) Library Manager  Version 3.15
Copyright (C) Microsoft Corp 1983-1989.  All rights reserved.


LIB : warning U4155: OUTMAN.OBJ : module not in library

Microsoft (R) Library Manager  Version 3.15
Copyright (C) Microsoft Corp 1983-1989.  All rights reserved.


LIB : warning U4155: PICKCOL.OBJ : module not in library

Microsoft (R) Library Manager  Version 3.15
Copyright (C) Microsoft Corp 1983-1989.  All rights reserved.


LIB : warning U4155: PICKFONT.OBJ : module not in library

Microsoft (R) Library Manager  Version 3.15
Copyright (C) Microsoft Corp 1983-1989.  All rights reserved.


LIB : warning U4155: PICKGRAF.OBJ : module not in library

Microsoft (R) Library Manager  Version 3.15
Copyright (C) Microsoft Corp 1983-1989.  All rights reserved.


LIB : warning U4155: PIKITEM.OBJ : module not in library

Microsoft (R) Library Manager  Version 3.15
Copyright (C) Microsoft Corp 1983-1989.  All rights reserved.


LIB : warning U4155: PLNMAN.OBJ : module not in library

Microsoft (R) Library Manager  Version 3.15
Copyright (C) Microsoft Corp 1983-1989.  All rights reserved.


LIB : warning U4155: PLTBKGND.OBJ : module not in library

Microsoft (R) Library Manager  Version 3.15
Copyright (C) Microsoft Corp 1983-1989.  All rights reserved.


LIB : warning U4155: PLTBOX.OBJ : module not in library

Microsoft (R) Library Manager  Version 3.15
Copyright (C) Microsoft Corp 1983-1989.  All rights reserved.


LIB : warning U4155: PLTMAN.OBJ : module not in library

Microsoft (R) Library Manager  Version 3.15
Copyright (C) Microsoft Corp 1983-1989.  All rights reserved.


LIB : warning U4155: PLTSND.OBJ : module not in library

Microsoft (R) Library Manager  Version 3.15
Copyright (C) Microsoft Corp 1983-1989.  All rights reserved.


LIB : warning U4155: PLTTITL.OBJ : module not in library

Microsoft (R) Library Manager  Version 3.15
Copyright (C) Microsoft Corp 1983-1989.  All rights reserved.


LIB : warning U4155: PLTWIND.OBJ : module not in library

Microsoft (R) Library Manager  Version 3.15
Copyright (C) Microsoft Corp 1983-1989.  All rights reserved.


LIB : warning U4155: PRNTMAN.OBJ : module not in library

Microsoft (R) Library Manager  Version 3.15
Copyright (C) Microsoft Corp 1983-1989.  All rights reserved.


LIB : warning U4155: PRNTOP.OBJ : module not in library

Microsoft (R) Library Manager  Version 3.15
Copyright (C) Microsoft Corp 1983-1989.  All rights reserved.


LIB : warning U4155: RDDCON.OBJ : module not in library

Microsoft (R) Library Manager  Version 3.15
Copyright (C) Microsoft Corp 1983-1989.  All rights reserved.


LIB : warning U4155: RDFRAME.OBJ : module not in library

Microsoft (R) Library Manager  Version 3.15
Copyright (C) Microsoft Corp 1983-1989.  All rights reserved.


LIB : warning U4155: RDGRAF.OBJ : module not in library

Microsoft (R) Library Manager  Version 3.15
Copyright (C) Microsoft Corp 1983-1989.  All rights reserved.


LIB : warning U4155: RDLOC.OBJ : module not in library

Microsoft (R) Library Manager  Version 3.15
Copyright (C) Microsoft Corp 1983-1989.  All rights reserved.


LIB : warning U4155: REWRFRM.OBJ : module not in library

Microsoft (R) Library Manager  Version 3.15
Copyright (C) Microsoft Corp 1983-1989.  All rights reserved.


LIB : warning U4155: RGB2INT.OBJ : module not in library

Microsoft (R) Library Manager  Version 3.15
Copyright (C) Microsoft Corp 1983-1989.  All rights reserved.


LIB : warning U4155: SELAREA.OBJ : module not in library

Microsoft (R) Library Manager  Version 3.15
Copyright (C) Microsoft Corp 1983-1989.  All rights reserved.


LIB : warning U4155: SETCFON.OBJ : module not in library

Microsoft (R) Library Manager  Version 3.15
Copyright (C) Microsoft Corp 1983-1989.  All rights reserved.


LIB : warning U4155: SETELEM.OBJ : module not in library

Microsoft (R) Library Manager  Version 3.15
Copyright (C) Microsoft Corp 1983-1989.  All rights reserved.


LIB : warning U4155: SETGPAL.OBJ : module not in library

Microsoft (R) Library Manager  Version 3.15
Copyright (C) Microsoft Corp 1983-1989.  All rights reserved.


LIB : warning U4155: SETTITLE.OBJ : module not in library

Microsoft (R) Library Manager  Version 3.15
Copyright (C) Microsoft Corp 1983-1989.  All rights reserved.


LIB : warning U4155: SETZOOM.OBJ : module not in library

Microsoft (R) Library Manager  Version 3.15
Copyright (C) Microsoft Corp 1983-1989.  All rights reserved.


LIB : warning U4155: SKEWFUNC.OBJ : module not in library

Microsoft (R) Library Manager  Version 3.15
Copyright (C) Microsoft Corp 1983-1989.  All rights reserved.


LIB : warning U4155: SKEWT.OBJ : module not in library

Microsoft (R) Library Manager  Version 3.15
Copyright (C) Microsoft Corp 1983-1989.  All rights reserved.


LIB : warning U4155: SKTDIM2.OBJ : module not in library

Microsoft (R) Library Manager  Version 3.15
Copyright (C) Microsoft Corp 1983-1989.  All rights reserved.


LIB : warning U4155: SQUEZDAT.OBJ : module not in library

Microsoft (R) Library Manager  Version 3.15
Copyright (C) Microsoft Corp 1983-1989.  All rights reserved.


LIB : warning U4155: TIMESER.OBJ : module not in library

Microsoft (R) Library Manager  Version 3.15
Copyright (C) Microsoft Corp 1983-1989.  All rights reserved.


LIB : warning U4155: TXTCOLR.OBJ : module not in library

Microsoft (R) Library Manager  Version 3.15
Copyright (C) Microsoft Corp 1983-1989.  All rights reserved.


LIB : warning U4155: TXTFONT.OBJ : module not in library

Microsoft (R) Library Manager  Version 3.15
Copyright (C) Microsoft Corp 1983-1989.  All rights reserved.


LIB : warning U4155: TXTLOC.OBJ : module not in library

Microsoft (R) Library Manager  Version 3.15
Copyright (C) Microsoft Corp 1983-1989.  All rights reserved.


LIB : warning U4155: TXTSIZ.OBJ : module not in library

Microsoft (R) Library Manager  Version 3.15
Copyright (C) Microsoft Corp 1983-1989.  All rights reserved.


LIB : warning U4155: VIEWMAN.OBJ : module not in library

Microsoft (R) Library Manager  Version 3.15
Copyright (C) Microsoft Corp 1983-1989.  All rights reserved.


LIB : warning U4155: VWSTNLST.OBJ : module not in library

Microsoft (R) Library Manager  Version 3.15
Copyright (C) Microsoft Corp 1983-1989.  All rights reserved.


LIB : warning U4155: WINDROSE.OBJ : module not in library

Microsoft (R) Library Manager  Version 3.15
Copyright (C) Microsoft Corp 1983-1989.  All rights reserved.


LIB : warning U4155: WNDOBOX.OBJ : module not in library

Microsoft (R) Library Manager  Version 3.15
Copyright (C) Microsoft Corp 1983-1989.  All rights reserved.


LIB : warning U4155: WNDSMRY.OBJ : module not in library

Microsoft (R) Library Manager  Version 3.15
Copyright (C) Microsoft Corp 1983-1989.  All rights reserved.


LIB : warning U4155: WNRMAN.OBJ : module not in library

Microsoft (R) Library Manager  Version 3.15
Copyright (C) Microsoft Corp 1983-1989.  All rights reserved.


LIB : warning U4155: WRSTNLST.OBJ : module not in library

Microsoft (R) Library Manager  Version 3.15
Copyright (C) Microsoft Corp 1983-1989.  All rights reserved.


LIB : warning U4155: WRTFRAME.OBJ : module not in library

Microsoft (R) Library Manager  Version 3.15
Copyright (C) Microsoft Corp 1983-1989.  All rights reserved.


LIB : warning U4155: WRTGRAF.OBJ : module not in library

Microsoft (R) Library Manager  Version 3.15
Copyright (C) Microsoft Corp 1983-1989.  All rights reserved.


LIB : warning U4155: WRTGSCRN.OBJ : module not in library
